Command line invocation:
    /Applications/Xcode.app/Contents/Developer/usr/bin/xcodebuild -scheme SmartIslandTimer -configuration Debug clean build

ComputePackagePrebuildTargetDependencyGraph

CreateBuildRequest

SendProjectDescription

CreateBuildOperation

** CLEAN SUCCEEDED **

ComputePackagePrebuildTargetDependencyGraph

Prepare packages

CreateBuildRequest

SendProjectDescription

CreateBuildOperation

ComputeTargetDependencyGraph
note: Building targets in dependency order
note: Target dependency graph (1 target)
    Target 'SmartIslandTimer' in project 'SmartIslandTimer' (no dependencies)

GatherProvisioningInputs

CreateBuildDescription

ExecuteExternalTool /Applications/Xcode.app/Contents/Developer/Toolchains/XcodeDefault.xctoolchain/usr/bin/clang -v -E -dM -isysroot /Applications/Xcode.app/Contents/Developer/Platforms/MacOSX.platform/Developer/SDKs/MacOSX15.5.sdk -x c -c /dev/null

ExecuteExternalTool /Applications/Xcode.app/Contents/Developer/usr/bin/actool --version --output-format xml1

ExecuteExternalTool /Applications/Xcode.app/Contents/Developer/Toolchains/XcodeDefault.xctoolchain/usr/bin/swiftc --version

ExecuteExternalTool /Applications/Xcode.app/Contents/Developer/Toolchains/XcodeDefault.xctoolchain/usr/bin/ld -version_details

Build description signature: e9534711ef8de39b2cb421ec83f4fd52
Build description path: /Users/lishukan/Library/Developer/Xcode/DerivedData/SmartIslandTimer-hifdtvnzaqvkrqcmocqebkwukriu/Build/Intermediates.noindex/XCBuildData/e9534711ef8de39b2cb421ec83f4fd52.xcbuilddata
/Users/lishukan/SmartIslandTimer/SmartIslandTimer.xcodeproj: error: "SmartIslandTimer" has entitlements that require signing with a development certificate. Enable development signing in the Signing & Capabilities editor. (in target 'SmartIslandTimer' from project 'SmartIslandTimer')
